<?xml version="1.0" encoding="UTF-8"?>
<!-- Generated by org.testng.reporters.JUnitXMLReporter -->
<testsuite ignored="0" hostname="DESKTOP-S2MRPTD" failures="0" tests="10" name="Default test" time="58.065" errors="0" timestamp="2022-11-12T06:34:51 AST">
  <testcase classname="Tests.TestWeb" name="checkDestinationOfTheWeekCity" time="3.273"/>
  <testcase classname="Tests.TestWeb" name="veirifTravelFromBostonToLonden" time="5.331"/>
  <testcase classname="Tests.TestWeb" name="veirifTravelFromMexicoCityToDublin" time="5.078"/>
  <testcase classname="Tests.TestWeb" name="veirifTravelFromParisToRome" time="5.19"/>
  <testcase classname="Tests.TestWeb" name="veirifTravelFromPhiladelphiaToBuenosAires" time="5.163"/>
  <testcase classname="Tests.TestWeb" name="veirifTravelFromPortlandToBerlin" time="5.059"/>
  <testcase classname="Tests.TestWeb" name="veirifTravelFromSanDiegoToNewYork" time="5.091"/>
  <testcase classname="Tests.TestWeb" name="veirifTravelFromSaoPaoloToCairo" time="5.161"/>
  <testcase classname="Tests.TestWeb" name="veirifyUserAbleToChoosedepartureCity" time="0.532"/>
  <testcase classname="Tests.TestWeb" name="veirifyUserAbleToChoosedestinationCity" time="0.509"/>
</testsuite> <!-- Default test -->
